The system is: Darwin - 10.8.0 - i386
Compiling the C compiler identification source file "CMakeCCompilerId.c" succeeded.
Compiler: /usr/bin/gcc 
Build flags: 
Id flags: 

The output was:
0


Compilation of the C compiler identification source "CMakeCCompilerId.c" produced "a.out"

The C compiler identification is GNU, found in "/Users/thomas/Devel/pythonocc/src/contrib/geom-5.1.2.7/cmake-build/CMakeFiles/CompilerIdC/a.out"

Compiling the CXX compiler identification source file "CMakeCXXCompilerId.cpp" succeeded.
Compiler: /usr/bin/c++ 
Build flags: 
Id flags: 

The output was:
0


Compilation of the CXX compiler identification source "CMakeCXXCompilerId.cpp" produced "a.out"

The CXX compiler identification is GNU, found in "/Users/thomas/Devel/pythonocc/src/contrib/geom-5.1.2.7/cmake-build/CMakeFiles/CompilerIdCXX/a.out"

Determining if the C compiler works passed with the following output:
Change Dir: /Users/thomas/Devel/pythonocc/src/contrib/geom-5.1.2.7/cmake-build/CMakeFiles/CMakeTmp

Run Build Command:/usr/bin/make "cmTryCompileExec/fast"
/usr/bin/make -f CMakeFiles/cmTryCompileExec.dir/build.make CMakeFiles/cmTryCompileExec.dir/build
"/Applications/CMake 2.8-5.app/Contents/bin/cmake" -E cmake_progress_report /Users/thomas/Devel/pythonocc/src/contrib/geom-5.1.2.7/cmake-build/CMakeFiles/CMakeTmp/CMakeFiles 1
Building C object CMakeFiles/cmTryCompileExec.dir/testCCompiler.c.o
/usr/bin/gcc    -o CMakeFiles/cmTryCompileExec.dir/testCCompiler.c.o   -c /Users/thomas/Devel/pythonocc/src/contrib/geom-5.1.2.7/cmake-build/CMakeFiles/CMakeTmp/testCCompiler.c
Linking C executable cmTryCompileExec
"/Applications/CMake 2.8-5.app/Contents/bin/cmake" -E cmake_link_script CMakeFiles/cmTryCompileExec.dir/link.txt --verbose=1
/usr/bin/gcc      -Wl,-search_paths_first -Wl,-headerpad_max_install_names   CMakeFiles/cmTryCompileExec.dir/testCCompiler.c.o  -o cmTryCompileExec  


Detecting C compiler ABI info compiled with the following output:
Change Dir: /Users/thomas/Devel/pythonocc/src/contrib/geom-5.1.2.7/cmake-build/CMakeFiles/CMakeTmp

Run Build Command:/usr/bin/make "cmTryCompileExec/fast"
/usr/bin/make -f CMakeFiles/cmTryCompileExec.dir/build.make CMakeFiles/cmTryCompileExec.dir/build
"/Applications/CMake 2.8-5.app/Contents/bin/cmake" -E cmake_progress_report /Users/thomas/Devel/pythonocc/src/contrib/geom-5.1.2.7/cmake-build/CMakeFiles/CMakeTmp/CMakeFiles 1
Building C object CMakeFiles/cmTryCompileExec.dir/CMakeCCompilerABI.c.o
/usr/bin/gcc    -o CMakeFiles/cmTryCompileExec.dir/CMakeCCompilerABI.c.o   -c "/Applications/CMake 2.8-5.app/Contents/share/cmake-2.8/Modules/CMakeCCompilerABI.c"
Linking C executable cmTryCompileExec
"/Applications/CMake 2.8-5.app/Contents/bin/cmake" -E cmake_link_script CMakeFiles/cmTryCompileExec.dir/link.txt --verbose=1
/usr/bin/gcc      -Wl,-search_paths_first -Wl,-headerpad_max_install_names -v CMakeFiles/cmTryCompileExec.dir/CMakeCCompilerABI.c.o  -o cmTryCompileExec   
Using built-in specs.
Target: i686-apple-darwin10
Configured with: /var/tmp/gcc/gcc-5666.3~6/src/configure --disable-checking --enable-werror --prefix=/usr --mandir=/share/man --enable-languages=c,objc,c++,obj-c++ --program-transform-name=/^[cg][^.-]*$/s/$/-4.2/ --with-slibdir=/usr/lib --build=i686-apple-darwin10 --program-prefix=i686-apple-darwin10- --host=x86_64-apple-darwin10 --target=i686-apple-darwin10 --with-gxx-include-dir=/include/c++/4.2.1
Thread model: posix
gcc version 4.2.1 (Apple Inc. build 5666) (dot 3)
 /usr/libexec/gcc/i686-apple-darwin10/4.2.1/collect2 -dynamic -arch x86_64 -macosx_version_min 10.6.8 -weak_reference_mismatches non-weak -o cmTryCompileExec -lcrt1.10.6.o -L/usr/lib/gcc/i686-apple-darwin10/4.2.1/x86_64 -L/usr/lib/gcc/i686-apple-darwin10/4.2.1/x86_64 -L/usr/lib/i686-apple-darwin10/4.2.1 -L/usr/lib/gcc/i686-apple-darwin10/4.2.1 -L/usr/lib/gcc/i686-apple-darwin10/4.2.1 -L/usr/lib/gcc/i686-apple-darwin10/4.2.1/../../../i686-apple-darwin10/4.2.1 -L/usr/lib/gcc/i686-apple-darwin10/4.2.1/../../.. -search_paths_first -headerpad_max_install_names CMakeFiles/cmTryCompileExec.dir/CMakeCCompilerABI.c.o -lSystem -lgcc -lSystem


Parsed C implicit link information from above output:
  link line regex: [^( *|.*[/\])(ld|ld|collect2)[^/\]*( |$)]
  ignore line: [Change Dir: /Users/thomas/Devel/pythonocc/src/contrib/geom-5.1.2.7/cmake-build/CMakeFiles/CMakeTmp]
  ignore line: []
  ignore line: [Run Build Command:/usr/bin/make "cmTryCompileExec/fast"]
  ignore line: [/usr/bin/make -f CMakeFiles/cmTryCompileExec.dir/build.make CMakeFiles/cmTryCompileExec.dir/build]
  ignore line: ["/Applications/CMake 2.8-5.app/Contents/bin/cmake" -E cmake_progress_report /Users/thomas/Devel/pythonocc/src/contrib/geom-5.1.2.7/cmake-build/CMakeFiles/CMakeTmp/CMakeFiles 1]
  ignore line: [Building C object CMakeFiles/cmTryCompileExec.dir/CMakeCCompilerABI.c.o]
  ignore line: [/usr/bin/gcc    -o CMakeFiles/cmTryCompileExec.dir/CMakeCCompilerABI.c.o   -c "/Applications/CMake 2.8-5.app/Contents/share/cmake-2.8/Modules/CMakeCCompilerABI.c"]
  ignore line: [Linking C executable cmTryCompileExec]
  ignore line: ["/Applications/CMake 2.8-5.app/Contents/bin/cmake" -E cmake_link_script CMakeFiles/cmTryCompileExec.dir/link.txt --verbose=1]
  ignore line: [/usr/bin/gcc      -Wl,-search_paths_first -Wl,-headerpad_max_install_names -v CMakeFiles/cmTryCompileExec.dir/CMakeCCompilerABI.c.o  -o cmTryCompileExec   ]
  ignore line: [Using built-in specs.]
  ignore line: [Target: i686-apple-darwin10]
  ignore line: [Configured with: /var/tmp/gcc/gcc-5666.3~6/src/configure --disable-checking --enable-werror --prefix=/usr --mandir=/share/man --enable-languages=c,objc,c++,obj-c++ --program-transform-name=/^[cg][^.-]*$/s/$/-4.2/ --with-slibdir=/usr/lib --build=i686-apple-darwin10 --program-prefix=i686-apple-darwin10- --host=x86_64-apple-darwin10 --target=i686-apple-darwin10 --with-gxx-include-dir=/include/c++/4.2.1]
  ignore line: [Thread model: posix]
  ignore line: [gcc version 4.2.1 (Apple Inc. build 5666) (dot 3)]
  link line: [ /usr/libexec/gcc/i686-apple-darwin10/4.2.1/collect2 -dynamic -arch x86_64 -macosx_version_min 10.6.8 -weak_reference_mismatches non-weak -o cmTryCompileExec -lcrt1.10.6.o -L/usr/lib/gcc/i686-apple-darwin10/4.2.1/x86_64 -L/usr/lib/gcc/i686-apple-darwin10/4.2.1/x86_64 -L/usr/lib/i686-apple-darwin10/4.2.1 -L/usr/lib/gcc/i686-apple-darwin10/4.2.1 -L/usr/lib/gcc/i686-apple-darwin10/4.2.1 -L/usr/lib/gcc/i686-apple-darwin10/4.2.1/../../../i686-apple-darwin10/4.2.1 -L/usr/lib/gcc/i686-apple-darwin10/4.2.1/../../.. -search_paths_first -headerpad_max_install_names CMakeFiles/cmTryCompileExec.dir/CMakeCCompilerABI.c.o -lSystem -lgcc -lSystem]
    arg [/usr/libexec/gcc/i686-apple-darwin10/4.2.1/collect2] ==> ignore
    arg [-dynamic] ==> ignore
    arg [-arch] ==> ignore
    arg [x86_64] ==> ignore
    arg [-macosx_version_min] ==> ignore
    arg [10.6.8] ==> ignore
    arg [-weak_reference_mismatches] ==> ignore
    arg [non-weak] ==> ignore
    arg [-o] ==> ignore
    arg [cmTryCompileExec] ==> ignore
    arg [-lcrt1.10.6.o] ==> lib [crt1.10.6.o]
    arg [-L/usr/lib/gcc/i686-apple-darwin10/4.2.1/x86_64] ==> dir [/usr/lib/gcc/i686-apple-darwin10/4.2.1/x86_64]
    arg [-L/usr/lib/gcc/i686-apple-darwin10/4.2.1/x86_64] ==> dir [/usr/lib/gcc/i686-apple-darwin10/4.2.1/x86_64]
    arg [-L/usr/lib/i686-apple-darwin10/4.2.1] ==> dir [/usr/lib/i686-apple-darwin10/4.2.1]
    arg [-L/usr/lib/gcc/i686-apple-darwin10/4.2.1] ==> dir [/usr/lib/gcc/i686-apple-darwin10/4.2.1]
    arg [-L/usr/lib/gcc/i686-apple-darwin10/4.2.1] ==> dir [/usr/lib/gcc/i686-apple-darwin10/4.2.1]
    arg [-L/usr/lib/gcc/i686-apple-darwin10/4.2.1/../../../i686-apple-darwin10/4.2.1] ==> dir [/usr/lib/gcc/i686-apple-darwin10/4.2.1/../../../i686-apple-darwin10/4.2.1]
    arg [-L/usr/lib/gcc/i686-apple-darwin10/4.2.1/../../..] ==> dir [/usr/lib/gcc/i686-apple-darwin10/4.2.1/../../..]
    arg [-search_paths_first] ==> ignore
    arg [-headerpad_max_install_names] ==> ignore
    arg [CMakeFiles/cmTryCompileExec.dir/CMakeCCompilerABI.c.o] ==> ignore
    arg [-lSystem] ==> lib [System]
    arg [-lgcc] ==> lib [gcc]
    arg [-lSystem] ==> lib [System]
  remove lib [crt1.10.6.o]
  remove lib [System]
  remove lib [gcc]
  remove lib [System]
  collapse dir [/usr/lib/gcc/i686-apple-darwin10/4.2.1/x86_64] ==> [/usr/lib/gcc/i686-apple-darwin10/4.2.1/x86_64]
  collapse dir [/usr/lib/gcc/i686-apple-darwin10/4.2.1/x86_64] ==> [/usr/lib/gcc/i686-apple-darwin10/4.2.1/x86_64]
  collapse dir [/usr/lib/i686-apple-darwin10/4.2.1] ==> [/usr/lib/i686-apple-darwin10/4.2.1]
  collapse dir [/usr/lib/gcc/i686-apple-darwin10/4.2.1] ==> [/usr/lib/gcc/i686-apple-darwin10/4.2.1]
  collapse dir [/usr/lib/gcc/i686-apple-darwin10/4.2.1] ==> [/usr/lib/gcc/i686-apple-darwin10/4.2.1]
  collapse dir [/usr/lib/gcc/i686-apple-darwin10/4.2.1/../../../i686-apple-darwin10/4.2.1] ==> [/usr/lib/i686-apple-darwin10/4.2.1]
  collapse dir [/usr/lib/gcc/i686-apple-darwin10/4.2.1/../../..] ==> [/usr/lib]
  implicit libs: []
  implicit dirs: [/usr/lib/gcc/i686-apple-darwin10/4.2.1/x86_64;/usr/lib/i686-apple-darwin10/4.2.1;/usr/lib/gcc/i686-apple-darwin10/4.2.1;/usr/lib]


Determining if the CXX compiler works passed with the following output:
Change Dir: /Users/thomas/Devel/pythonocc/src/contrib/geom-5.1.2.7/cmake-build/CMakeFiles/CMakeTmp

Run Build Command:/usr/bin/make "cmTryCompileExec/fast"
/usr/bin/make -f CMakeFiles/cmTryCompileExec.dir/build.make CMakeFiles/cmTryCompileExec.dir/build
"/Applications/CMake 2.8-5.app/Contents/bin/cmake" -E cmake_progress_report /Users/thomas/Devel/pythonocc/src/contrib/geom-5.1.2.7/cmake-build/CMakeFiles/CMakeTmp/CMakeFiles 1
Building CXX object CMakeFiles/cmTryCompileExec.dir/testCXXCompiler.cxx.o
/usr/bin/c++     -o CMakeFiles/cmTryCompileExec.dir/testCXXCompiler.cxx.o -c /Users/thomas/Devel/pythonocc/src/contrib/geom-5.1.2.7/cmake-build/CMakeFiles/CMakeTmp/testCXXCompiler.cxx
Linking CXX executable cmTryCompileExec
"/Applications/CMake 2.8-5.app/Contents/bin/cmake" -E cmake_link_script CMakeFiles/cmTryCompileExec.dir/link.txt --verbose=1
/usr/bin/c++       -Wl,-search_paths_first -Wl,-headerpad_max_install_names   CMakeFiles/cmTryCompileExec.dir/testCXXCompiler.cxx.o  -o cmTryCompileExec  


Detecting CXX compiler ABI info compiled with the following output:
Change Dir: /Users/thomas/Devel/pythonocc/src/contrib/geom-5.1.2.7/cmake-build/CMakeFiles/CMakeTmp

Run Build Command:/usr/bin/make "cmTryCompileExec/fast"
/usr/bin/make -f CMakeFiles/cmTryCompileExec.dir/build.make CMakeFiles/cmTryCompileExec.dir/build
"/Applications/CMake 2.8-5.app/Contents/bin/cmake" -E cmake_progress_report /Users/thomas/Devel/pythonocc/src/contrib/geom-5.1.2.7/cmake-build/CMakeFiles/CMakeTmp/CMakeFiles 1
Building CXX object CMakeFiles/cmTryCompileExec.dir/CMakeCXXCompilerABI.cpp.o
/usr/bin/c++     -o CMakeFiles/cmTryCompileExec.dir/CMakeCXXCompilerABI.cpp.o -c "/Applications/CMake 2.8-5.app/Contents/share/cmake-2.8/Modules/CMakeCXXCompilerABI.cpp"
Linking CXX executable cmTryCompileExec
"/Applications/CMake 2.8-5.app/Contents/bin/cmake" -E cmake_link_script CMakeFiles/cmTryCompileExec.dir/link.txt --verbose=1
/usr/bin/c++       -Wl,-search_paths_first -Wl,-headerpad_max_install_names -v CMakeFiles/cmTryCompileExec.dir/CMakeCXXCompilerABI.cpp.o  -o cmTryCompileExec   
Using built-in specs.
Target: i686-apple-darwin10
Configured with: /var/tmp/gcc/gcc-5666.3~6/src/configure --disable-checking --enable-werror --prefix=/usr --mandir=/share/man --enable-languages=c,objc,c++,obj-c++ --program-transform-name=/^[cg][^.-]*$/s/$/-4.2/ --with-slibdir=/usr/lib --build=i686-apple-darwin10 --program-prefix=i686-apple-darwin10- --host=x86_64-apple-darwin10 --target=i686-apple-darwin10 --with-gxx-include-dir=/include/c++/4.2.1
Thread model: posix
gcc version 4.2.1 (Apple Inc. build 5666) (dot 3)
 /usr/libexec/gcc/i686-apple-darwin10/4.2.1/collect2 -dynamic -arch x86_64 -macosx_version_min 10.6.8 -weak_reference_mismatches non-weak -o cmTryCompileExec -lcrt1.10.6.o -L/usr/lib/gcc/i686-apple-darwin10/4.2.1/x86_64 -L/usr/lib/gcc/i686-apple-darwin10/4.2.1/x86_64 -L/usr/lib/i686-apple-darwin10/4.2.1 -L/usr/lib/gcc/i686-apple-darwin10/4.2.1 -L/usr/lib/gcc/i686-apple-darwin10/4.2.1 -L/usr/lib/gcc/i686-apple-darwin10/4.2.1/../../../i686-apple-darwin10/4.2.1 -L/usr/lib/gcc/i686-apple-darwin10/4.2.1/../../.. -search_paths_first -headerpad_max_install_names CMakeFiles/cmTryCompileExec.dir/CMakeCXXCompilerABI.cpp.o -lstdc++ -lSystem -lgcc -lSystem


Parsed CXX implicit link information from above output:
  link line regex: [^( *|.*[/\])(ld|ld|collect2)[^/\]*( |$)]
  ignore line: [Change Dir: /Users/thomas/Devel/pythonocc/src/contrib/geom-5.1.2.7/cmake-build/CMakeFiles/CMakeTmp]
  ignore line: []
  ignore line: [Run Build Command:/usr/bin/make "cmTryCompileExec/fast"]
  ignore line: [/usr/bin/make -f CMakeFiles/cmTryCompileExec.dir/build.make CMakeFiles/cmTryCompileExec.dir/build]
  ignore line: ["/Applications/CMake 2.8-5.app/Contents/bin/cmake" -E cmake_progress_report /Users/thomas/Devel/pythonocc/src/contrib/geom-5.1.2.7/cmake-build/CMakeFiles/CMakeTmp/CMakeFiles 1]
  ignore line: [Building CXX object CMakeFiles/cmTryCompileExec.dir/CMakeCXXCompilerABI.cpp.o]
  ignore line: [/usr/bin/c++     -o CMakeFiles/cmTryCompileExec.dir/CMakeCXXCompilerABI.cpp.o -c "/Applications/CMake 2.8-5.app/Contents/share/cmake-2.8/Modules/CMakeCXXCompilerABI.cpp"]
  ignore line: [Linking CXX executable cmTryCompileExec]
  ignore line: ["/Applications/CMake 2.8-5.app/Contents/bin/cmake" -E cmake_link_script CMakeFiles/cmTryCompileExec.dir/link.txt --verbose=1]
  ignore line: [/usr/bin/c++       -Wl,-search_paths_first -Wl,-headerpad_max_install_names -v CMakeFiles/cmTryCompileExec.dir/CMakeCXXCompilerABI.cpp.o  -o cmTryCompileExec   ]
  ignore line: [Using built-in specs.]
  ignore line: [Target: i686-apple-darwin10]
  ignore line: [Configured with: /var/tmp/gcc/gcc-5666.3~6/src/configure --disable-checking --enable-werror --prefix=/usr --mandir=/share/man --enable-languages=c,objc,c++,obj-c++ --program-transform-name=/^[cg][^.-]*$/s/$/-4.2/ --with-slibdir=/usr/lib --build=i686-apple-darwin10 --program-prefix=i686-apple-darwin10- --host=x86_64-apple-darwin10 --target=i686-apple-darwin10 --with-gxx-include-dir=/include/c++/4.2.1]
  ignore line: [Thread model: posix]
  ignore line: [gcc version 4.2.1 (Apple Inc. build 5666) (dot 3)]
  link line: [ /usr/libexec/gcc/i686-apple-darwin10/4.2.1/collect2 -dynamic -arch x86_64 -macosx_version_min 10.6.8 -weak_reference_mismatches non-weak -o cmTryCompileExec -lcrt1.10.6.o -L/usr/lib/gcc/i686-apple-darwin10/4.2.1/x86_64 -L/usr/lib/gcc/i686-apple-darwin10/4.2.1/x86_64 -L/usr/lib/i686-apple-darwin10/4.2.1 -L/usr/lib/gcc/i686-apple-darwin10/4.2.1 -L/usr/lib/gcc/i686-apple-darwin10/4.2.1 -L/usr/lib/gcc/i686-apple-darwin10/4.2.1/../../../i686-apple-darwin10/4.2.1 -L/usr/lib/gcc/i686-apple-darwin10/4.2.1/../../.. -search_paths_first -headerpad_max_install_names CMakeFiles/cmTryCompileExec.dir/CMakeCXXCompilerABI.cpp.o -lstdc++ -lSystem -lgcc -lSystem]
    arg [/usr/libexec/gcc/i686-apple-darwin10/4.2.1/collect2] ==> ignore
    arg [-dynamic] ==> ignore
    arg [-arch] ==> ignore
    arg [x86_64] ==> ignore
    arg [-macosx_version_min] ==> ignore
    arg [10.6.8] ==> ignore
    arg [-weak_reference_mismatches] ==> ignore
    arg [non-weak] ==> ignore
    arg [-o] ==> ignore
    arg [cmTryCompileExec] ==> ignore
    arg [-lcrt1.10.6.o] ==> lib [crt1.10.6.o]
    arg [-L/usr/lib/gcc/i686-apple-darwin10/4.2.1/x86_64] ==> dir [/usr/lib/gcc/i686-apple-darwin10/4.2.1/x86_64]
    arg [-L/usr/lib/gcc/i686-apple-darwin10/4.2.1/x86_64] ==> dir [/usr/lib/gcc/i686-apple-darwin10/4.2.1/x86_64]
    arg [-L/usr/lib/i686-apple-darwin10/4.2.1] ==> dir [/usr/lib/i686-apple-darwin10/4.2.1]
    arg [-L/usr/lib/gcc/i686-apple-darwin10/4.2.1] ==> dir [/usr/lib/gcc/i686-apple-darwin10/4.2.1]
    arg [-L/usr/lib/gcc/i686-apple-darwin10/4.2.1] ==> dir [/usr/lib/gcc/i686-apple-darwin10/4.2.1]
    arg [-L/usr/lib/gcc/i686-apple-darwin10/4.2.1/../../../i686-apple-darwin10/4.2.1] ==> dir [/usr/lib/gcc/i686-apple-darwin10/4.2.1/../../../i686-apple-darwin10/4.2.1]
    arg [-L/usr/lib/gcc/i686-apple-darwin10/4.2.1/../../..] ==> dir [/usr/lib/gcc/i686-apple-darwin10/4.2.1/../../..]
    arg [-search_paths_first] ==> ignore
    arg [-headerpad_max_install_names] ==> ignore
    arg [CMakeFiles/cmTryCompileExec.dir/CMakeCXXCompilerABI.cpp.o] ==> ignore
    arg [-lstdc++] ==> lib [stdc++]
    arg [-lSystem] ==> lib [System]
    arg [-lgcc] ==> lib [gcc]
    arg [-lSystem] ==> lib [System]
  remove lib [crt1.10.6.o]
  remove lib [System]
  remove lib [gcc]
  remove lib [System]
  collapse dir [/usr/lib/gcc/i686-apple-darwin10/4.2.1/x86_64] ==> [/usr/lib/gcc/i686-apple-darwin10/4.2.1/x86_64]
  collapse dir [/usr/lib/gcc/i686-apple-darwin10/4.2.1/x86_64] ==> [/usr/lib/gcc/i686-apple-darwin10/4.2.1/x86_64]
  collapse dir [/usr/lib/i686-apple-darwin10/4.2.1] ==> [/usr/lib/i686-apple-darwin10/4.2.1]
  collapse dir [/usr/lib/gcc/i686-apple-darwin10/4.2.1] ==> [/usr/lib/gcc/i686-apple-darwin10/4.2.1]
  collapse dir [/usr/lib/gcc/i686-apple-darwin10/4.2.1] ==> [/usr/lib/gcc/i686-apple-darwin10/4.2.1]
  collapse dir [/usr/lib/gcc/i686-apple-darwin10/4.2.1/../../../i686-apple-darwin10/4.2.1] ==> [/usr/lib/i686-apple-darwin10/4.2.1]
  collapse dir [/usr/lib/gcc/i686-apple-darwin10/4.2.1/../../..] ==> [/usr/lib]
  implicit libs: [stdc++]
  implicit dirs: [/usr/lib/gcc/i686-apple-darwin10/4.2.1/x86_64;/usr/lib/i686-apple-darwin10/4.2.1;/usr/lib/gcc/i686-apple-darwin10/4.2.1;/usr/lib]


